{
  "RSpec": {
    "coverage": {
      "/home/rost/RubyIntership/codebraker_console/loader.rb": {
        "lines": [
          null,
          null,
          1,
          1,
          1,
          1,
          1,
          1,
          null,
          1,
          1,
          1,
          1,
          1,
          1,
          1,
          1,
          1,
          1,
          1,
          1,
          1
        ]
      },
      "/home/rost/RubyIntership/codebraker_console/config/i18n.rb": {
        "lines": [
          null,
          null,
          1,
          1
        ]
      },
      "/home/rost/RubyIntership/codebraker_console/modules/constants.rb": {
        "lines": [
          null,
          null,
          1,
          1,
          1,
          1,
          1,
          1,
          1,
          1,
          1,
          null,
          null,
          null,
          null,
          null,
          null
        ]
      },
      "/home/rost/RubyIntership/codebraker_console/modules/errors/wrong_approve.rb": {
        "lines": [
          null,
          null,
          1,
          1,
          1,
          1,
          null,
          1,
          2,
          null,
          null,
          null,
          null
        ]
      },
      "/home/rost/RubyIntership/codebraker_console/modules/errors/wrong_scenario.rb": {
        "lines": [
          null,
          null,
          1,
          1,
          1,
          1,
          null,
          1,
          2,
          null,
          null,
          null,
          null
        ]
      },
      "/home/rost/RubyIntership/codebraker_console/modules/validation.rb": {
        "lines": [
          null,
          null,
          1,
          1,
          1,
          6,
          null,
          null,
          1,
          6,
          null,
          null,
          null
        ]
      },
      "/home/rost/RubyIntership/codebraker_console/modules/data_loader.rb": {
        "lines": [
          null,
          null,
          1,
          1,
          1,
          2,
          null,
          null,
          1,
          3,
          null,
          3,
          null,
          null,
          null
        ]
      },
      "/home/rost/RubyIntership/codebraker_console/modules/output_helper.rb": {
        "lines": [
          null,
          null,
          1,
          1,
          1,
          9,
          null,
          null,
          1,
          6,
          null,
          null,
          1,
          2,
          null,
          null,
          1,
          1,
          null,
          null,
          1,
          5,
          null,
          null,
          1,
          2,
          null,
          null,
          1,
          3,
          null,
          null,
          1,
          4,
          null,
          null,
          1,
          2,
          null,
          null,
          1,
          1,
          null,
          null,
          1,
          5,
          null,
          null,
          1,
          2,
          null,
          null,
          1,
          4,
          null,
          null,
          1,
          1,
          null,
          null,
          1,
          1,
          null,
          null,
          1,
          2,
          null,
          null,
          1,
          3,
          null,
          null,
          1,
          1,
          null,
          null,
          1,
          3,
          null,
          null,
          1,
          3,
          null,
          null,
          1,
          1,
          1,
          2,
          null,
          null,
          1,
          2,
          null,
          null,
          1,
          null,
          1,
          1,
          null,
          null,
          1,
          1,
          null,
          null,
          1,
          1,
          null,
          null,
          null
        ]
      },
      "/home/rost/RubyIntership/codebraker_console/modules/input_helper.rb": {
        "lines": [
          null,
          null,
          1,
          1,
          1,
          1,
          1,
          null,
          1,
          5,
          5,
          null,
          1,
          1,
          1,
          null,
          null,
          1,
          4,
          4,
          3,
          null,
          1,
          1,
          1,
          null,
          null,
          1,
          4,
          4,
          null,
          1,
          1,
          1,
          null,
          null,
          1,
          7,
          7,
          null,
          1,
          1,
          1,
          null,
          null,
          1,
          4,
          4,
          3,
          null,
          1,
          1,
          1,
          null,
          null,
          1,
          null,
          1,
          16,
          null,
          3,
          null,
          13,
          10,
          null,
          null,
          null,
          null
        ]
      },
      "/home/rost/RubyIntership/codebraker_console/lib/rating_console.rb": {
        "lines": [
          null,
          null,
          1,
          1,
          1,
          null,
          1,
          1,
          1,
          null,
          null,
          1,
          1,
          null,
          1,
          null,
          null,
          null,
          null,
          null,
          1,
          null,
          null,
          1,
          null,
          1,
          2,
          null,
          null,
          null,
          null
        ]
      },
      "/home/rost/RubyIntership/codebraker_console/lib/codebraker_console.rb": {
        "lines": [
          null,
          null,
          1,
          1,
          1,
          1,
          null,
          1,
          1,
          1,
          null,
          null,
          null
        ]
      },
      "/home/rost/RubyIntership/codebraker_console/lib/game_console.rb": {
        "lines": [
          null,
          null,
          1,
          1,
          1,
          null,
          1,
          8,
          8,
          null,
          null,
          1,
          3,
          3,
          3,
          2,
          null,
          1,
          1,
          null,
          null,
          null,
          1,
          3,
          3,
          3,
          null,
          null,
          1,
          null,
          1,
          1,
          null,
          1,
          null,
          0,
          0,
          null,
          null,
          1,
          3,
          null,
          2,
          2,
          0,
          1,
          null,
          null,
          null,
          1,
          2,
          2,
          null,
          null,
          1,
          0,
          0,
          null,
          null,
          1,
          2,
          null,
          null,
          1,
          2,
          2,
          2,
          null,
          null,
          null
        ]
      },
      "/home/rost/RubyIntership/codebraker_console/lib/registration_console.rb": {
        "lines": [
          null,
          null,
          1,
          1,
          1,
          3,
          2,
          1,
          null,
          null,
          1,
          null,
          1,
          3,
          3,
          2,
          2,
          null,
          null,
          1,
          2,
          2,
          1,
          1,
          null,
          null,
          1,
          5,
          null,
          null,
          null
        ]
      },
      "/home/rost/RubyIntership/codebraker_console/lib/start_console.rb": {
        "lines": [
          null,
          null,
          1,
          1,
          1,
          8,
          8,
          null,
          null,
          1,
          4,
          4,
          4,
          null,
          null,
          1,
          null,
          1,
          0,
          0,
          null,
          null,
          1,
          0,
          0,
          null,
          null,
          1,
          0,
          0,
          null,
          null,
          null
        ]
      }
    },
    "timestamp": 1652800273
  }
}
